The system is: Linux - 4.1.21-14-default - x86_64
Compiling the C compiler identification source file "CMakeCCompilerId.c" succeeded.
Compiler: /home/cheshire/.local/bin/gcc 
Build flags: 
Id flags:  

The output was:
0


Compilation of the C compiler identification source "CMakeCCompilerId.c" produced "a.out"

The C compiler identification is GNU, found in "/home/cheshire/Files/mipt/c++/2020-2021/contests/10.11/solutions/cmake-build-debug/CMakeFiles/3.17.3/CompilerIdC/a.out"

Compiling the CXX compiler identification source file "CMakeCXXCompilerId.cpp" succeeded.
Compiler: /home/cheshire/.local/bin/g++ 
Build flags: 
Id flags:  

The output was:
0


Compilation of the CXX compiler identification source "CMakeCXXCompilerId.cpp" produced "a.out"

The CXX compiler identification is GNU, found in "/home/cheshire/Files/mipt/c++/2020-2021/contests/10.11/solutions/cmake-build-debug/CMakeFiles/3.17.3/CompilerIdCXX/a.out"

Determining if the C compiler works passed with the following output:
Change Dir: /home/cheshire/Files/mipt/c++/2020-2021/contests/10.11/solutions/cmake-build-debug/CMakeFiles/CMakeTmp

Run Build Command(s):/usr/bin/gmake cmTC_59b9f/fast && /usr/bin/gmake  -f CMakeFiles/cmTC_59b9f.dir/build.make CMakeFiles/cmTC_59b9f.dir/build
gmake[1]: вход в каталог «/home/cheshire/Files/mipt/c++/2020-2021/contests/10.11/solutions/cmake-build-debug/CMakeFiles/CMakeTmp»
Building C object CMakeFiles/cmTC_59b9f.dir/testCCompiler.c.o
/home/cheshire/.local/bin/gcc    -o CMakeFiles/cmTC_59b9f.dir/testCCompiler.c.o   -c /home/cheshire/Files/mipt/c++/2020-2021/contests/10.11/solutions/cmake-build-debug/CMakeFiles/CMakeTmp/testCCompiler.c
Linking C executable cmTC_59b9f
/home/cheshire/Files/Soft/clion-2020.1/bin/cmake/linux/bin/cmake -E cmake_link_script CMakeFiles/cmTC_59b9f.dir/link.txt --verbose=1
/home/cheshire/.local/bin/gcc      -rdynamic CMakeFiles/cmTC_59b9f.dir/testCCompiler.c.o  -o cmTC_59b9f 
gmake[1]: выход из каталога «/home/cheshire/Files/mipt/c++/2020-2021/contests/10.11/solutions/cmake-build-debug/CMakeFiles/CMakeTmp»



Detecting C compiler ABI info compiled with the following output:
Change Dir: /home/cheshire/Files/mipt/c++/2020-2021/contests/10.11/solutions/cmake-build-debug/CMakeFiles/CMakeTmp

Run Build Command(s):/usr/bin/gmake cmTC_431c1/fast && /usr/bin/gmake  -f CMakeFiles/cmTC_431c1.dir/build.make CMakeFiles/cmTC_431c1.dir/build
gmake[1]: Entering directory '/home/cheshire/Files/mipt/c++/2020-2021/contests/10.11/solutions/cmake-build-debug/CMakeFiles/CMakeTmp'
Building C object CMakeFiles/cmTC_431c1.dir/CMakeCCompilerABI.c.o
/home/cheshire/.local/bin/gcc   -v -o CMakeFiles/cmTC_431c1.dir/CMakeCCompilerABI.c.o   -c /home/cheshire/Files/Soft/clion-2020.1/bin/cmake/linux/share/cmake-3.17/Modules/CMakeCCompilerABI.c
Using built-in specs.
COLLECT_GCC=/home/cheshire/.local/bin/gcc
Target: x86_64-pc-linux-gnu
Configured with: ./configure --prefix=/home/cheshire/.local/ --disable-multilib
Thread model: posix
Supported LTO compression algorithms: zlib
gcc version 10.1.0 (GCC) 
COLLECT_GCC_OPTIONS='-v' '-o' 'CMakeFiles/cmTC_431c1.dir/CMakeCCompilerABI.c.o' '-c' '-mtune=generic' '-march=x86-64'
 /home/cheshire/.local/lib/gcc/x86_64-pc-linux-gnu/10.1.0/cc1 -quiet -v /home/cheshire/Files/Soft/clion-2020.1/bin/cmake/linux/share/cmake-3.17/Modules/CMakeCCompilerABI.c -quiet -dumpbase CMakeCCompilerABI.c -mtune=generic -march=x86-64 -auxbase-strip CMakeFiles/cmTC_431c1.dir/CMakeCCompilerABI.c.o -version -o /tmp/cc9lB25S.s
GNU C17 (GCC) version 10.1.0 (x86_64-pc-linux-gnu)
	compiled by GNU C version 10.1.0, GMP version 6.1.0, MPFR version 3.1.4, MPC version 1.0.3, isl version isl-0.18-GMP

GGC heuristics: --param ggc-min-expand=100 --param ggc-min-heapsize=131072
ignoring nonexistent directory "/home/cheshire/.local/lib64/gcc/x86_64-pc-linux-gnu/10.1.0/../../../../x86_64-pc-linux-gnu/include"
#include "..." search starts here:
#include <...> search starts here:
 /home/cheshire/.local/lib64/gcc/x86_64-pc-linux-gnu/10.1.0/include
 /usr/local/include
 /home/cheshire/.local/include
 /home/cheshire/.local/lib64/gcc/x86_64-pc-linux-gnu/10.1.0/include-fixed
 /usr/include
End of search list.
GNU C17 (GCC) version 10.1.0 (x86_64-pc-linux-gnu)
	compiled by GNU C version 10.1.0, GMP version 6.1.0, MPFR version 3.1.4, MPC version 1.0.3, isl version isl-0.18-GMP

GGC heuristics: --param ggc-min-expand=100 --param ggc-min-heapsize=131072
Compiler executable checksum: 9cd5315c972827a83a7c06d995fd18a5
COLLECT_GCC_OPTIONS='-v' '-o' 'CMakeFiles/cmTC_431c1.dir/CMakeCCompilerABI.c.o' '-c' '-mtune=generic' '-march=x86-64'
 as -v --64 -o CMakeFiles/cmTC_431c1.dir/CMakeCCompilerABI.c.o /tmp/cc9lB25S.s
GNU assembler version 2.25.0 (x86_64-suse-linux) using BFD version (GNU Binutils; openSUSE Leap 42.1) 2.25.0
COMPILER_PATH=/home/cheshire/.local/lib/gcc/x86_64-pc-linux-gnu/10.1.0/:/home/cheshire/.local/lib/gcc/x86_64-pc-linux-gnu/10.1.0/:/home/cheshire/.local/lib/gcc/x86_64-pc-linux-gnu/:/home/cheshire/.local/lib64/gcc/x86_64-pc-linux-gnu/10.1.0/:/home/cheshire/.local/lib64/gcc/x86_64-pc-linux-gnu/
LIBRARY_PATH=/home/cheshire/.local/lib64/gcc/x86_64-pc-linux-gnu/10.1.0/:/home/cheshire/.local/lib64/gcc/x86_64-pc-linux-gnu/10.1.0/../../../../lib64/:/lib/../lib64/:/usr/lib/../lib64/:/home/cheshire/.local/lib64/gcc/x86_64-pc-linux-gnu/10.1.0/../../../:/lib/:/usr/lib/
COLLECT_GCC_OPTIONS='-v' '-o' 'CMakeFiles/cmTC_431c1.dir/CMakeCCompilerABI.c.o' '-c' '-mtune=generic' '-march=x86-64'
Linking C executable cmTC_431c1
/home/cheshire/Files/Soft/clion-2020.1/bin/cmake/linux/bin/cmake -E cmake_link_script CMakeFiles/cmTC_431c1.dir/link.txt --verbose=1
/home/cheshire/.local/bin/gcc     -v -rdynamic CMakeFiles/cmTC_431c1.dir/CMakeCCompilerABI.c.o  -o cmTC_431c1 
Using built-in specs.
COLLECT_GCC=/home/cheshire/.local/bin/gcc
COLLECT_LTO_WRAPPER=/home/cheshire/.local/lib/gcc/x86_64-pc-linux-gnu/10.1.0/lto-wrapper
Target: x86_64-pc-linux-gnu
Configured with: ./configure --prefix=/home/cheshire/.local/ --disable-multilib
Thread model: posix
Supported LTO compression algorithms: zlib
gcc version 10.1.0 (GCC) 
COMPILER_PATH=/home/cheshire/.local/lib/gcc/x86_64-pc-linux-gnu/10.1.0/:/home/cheshire/.local/lib/gcc/x86_64-pc-linux-gnu/10.1.0/:/home/cheshire/.local/lib/gcc/x86_64-pc-linux-gnu/:/home/cheshire/.local/lib64/gcc/x86_64-pc-linux-gnu/10.1.0/:/home/cheshire/.local/lib64/gcc/x86_64-pc-linux-gnu/
LIBRARY_PATH=/home/cheshire/.local/lib64/gcc/x86_64-pc-linux-gnu/10.1.0/:/home/cheshire/.local/lib64/gcc/x86_64-pc-linux-gnu/10.1.0/../../../../lib64/:/lib/../lib64/:/usr/lib/../lib64/:/home/cheshire/.local/lib64/gcc/x86_64-pc-linux-gnu/10.1.0/../../../:/lib/:/usr/lib/
COLLECT_GCC_OPTIONS='-v' '-rdynamic' '-o' 'cmTC_431c1' '-mtune=generic' '-march=x86-64'
 /home/cheshire/.local/lib/gcc/x86_64-pc-linux-gnu/10.1.0/collect2 -plugin /home/cheshire/.local/lib/gcc/x86_64-pc-linux-gnu/10.1.0/liblto_plugin.so -plugin-opt=/home/cheshire/.local/lib/gcc/x86_64-pc-linux-gnu/10.1.0/lto-wrapper -plugin-opt=-fresolution=/tmp/cciznhlX.res -plugin-opt=-pass-through=-lgcc -plugin-opt=-pass-through=-lgcc_s -plugin-opt=-pass-through=-lc -plugin-opt=-pass-through=-lgcc -plugin-opt=-pass-through=-lgcc_s --eh-frame-hdr -m elf_x86_64 -export-dynamic -dynamic-linker /lib64/ld-linux-x86-64.so.2 -o cmTC_431c1 /usr/lib/../lib64/crt1.o /usr/lib/../lib64/crti.o /home/cheshire/.local/lib64/gcc/x86_64-pc-linux-gnu/10.1.0/crtbegin.o -L/home/cheshire/.local/lib64/gcc/x86_64-pc-linux-gnu/10.1.0 -L/home/cheshire/.local/lib64/gcc/x86_64-pc-linux-gnu/10.1.0/../../../../lib64 -L/lib/../lib64 -L/usr/lib/../lib64 -L/home/cheshire/.local/lib64/gcc/x86_64-pc-linux-gnu/10.1.0/../../.. CMakeFiles/cmTC_431c1.dir/CMakeCCompilerABI.c.o -lgcc --as-needed -lgcc_s --no-as-needed -lc -lgcc --as-needed -lgcc_s --no-as-needed /home/cheshire/.local/lib64/gcc/x86_64-pc-linux-gnu/10.1.0/crtend.o /usr/lib/../lib64/crtn.o
COLLECT_GCC_OPTIONS='-v' '-rdynamic' '-o' 'cmTC_431c1' '-mtune=generic' '-march=x86-64'
gmake[1]: Leaving directory '/home/cheshire/Files/mipt/c++/2020-2021/contests/10.11/solutions/cmake-build-debug/CMakeFiles/CMakeTmp'



Parsed C implicit include dir info from above output: rv=done
  found start of include info
  found start of implicit include info
    add: [/home/cheshire/.local/lib64/gcc/x86_64-pc-linux-gnu/10.1.0/include]
    add: [/usr/local/include]
    add: [/home/cheshire/.local/include]
    add: [/home/cheshire/.local/lib64/gcc/x86_64-pc-linux-gnu/10.1.0/include-fixed]
    add: [/usr/include]
  end of search list found
  collapse include dir [/home/cheshire/.local/lib64/gcc/x86_64-pc-linux-gnu/10.1.0/include] ==> [/home/cheshire/.local/lib64/gcc/x86_64-pc-linux-gnu/10.1.0/include]
  collapse include dir [/usr/local/include] ==> [/usr/local/include]
  collapse include dir [/home/cheshire/.local/include] ==> [/home/cheshire/.local/include]
  collapse include dir [/home/cheshire/.local/lib64/gcc/x86_64-pc-linux-gnu/10.1.0/include-fixed] ==> [/home/cheshire/.local/lib64/gcc/x86_64-pc-linux-gnu/10.1.0/include-fixed]
  collapse include dir [/usr/include] ==> [/usr/include]
  implicit include dirs: [/home/cheshire/.local/lib64/gcc/x86_64-pc-linux-gnu/10.1.0/include;/usr/local/include;/home/cheshire/.local/include;/home/cheshire/.local/lib64/gcc/x86_64-pc-linux-gnu/10.1.0/include-fixed;/usr/include]


Parsed C implicit link information from above output:
  link line regex: [^( *|.*[/\])(ld|CMAKE_LINK_STARTFILE-NOTFOUND|([^/\]+-)?ld|collect2)[^/\]*( |$)]
  ignore line: [Change Dir: /home/cheshire/Files/mipt/c++/2020-2021/contests/10.11/solutions/cmake-build-debug/CMakeFiles/CMakeTmp]
  ignore line: []
  ignore line: [Run Build Command(s):/usr/bin/gmake cmTC_431c1/fast && /usr/bin/gmake  -f CMakeFiles/cmTC_431c1.dir/build.make CMakeFiles/cmTC_431c1.dir/build]
  ignore line: [gmake[1]: Entering directory '/home/cheshire/Files/mipt/c++/2020-2021/contests/10.11/solutions/cmake-build-debug/CMakeFiles/CMakeTmp']
  ignore line: [Building C object CMakeFiles/cmTC_431c1.dir/CMakeCCompilerABI.c.o]
  ignore line: [/home/cheshire/.local/bin/gcc   -v -o CMakeFiles/cmTC_431c1.dir/CMakeCCompilerABI.c.o   -c /home/cheshire/Files/Soft/clion-2020.1/bin/cmake/linux/share/cmake-3.17/Modules/CMakeCCompilerABI.c]
  ignore line: [Using built-in specs.]
  ignore line: [COLLECT_GCC=/home/cheshire/.local/bin/gcc]
  ignore line: [Target: x86_64-pc-linux-gnu]
  ignore line: [Configured with: ./configure --prefix=/home/cheshire/.local/ --disable-multilib]
  ignore line: [Thread model: posix]
  ignore line: [Supported LTO compression algorithms: zlib]
  ignore line: [gcc version 10.1.0 (GCC) ]
  ignore line: [COLLECT_GCC_OPTIONS='-v' '-o' 'CMakeFiles/cmTC_431c1.dir/CMakeCCompilerABI.c.o' '-c' '-mtune=generic' '-march=x86-64']
  ignore line: [ /home/cheshire/.local/lib/gcc/x86_64-pc-linux-gnu/10.1.0/cc1 -quiet -v /home/cheshire/Files/Soft/clion-2020.1/bin/cmake/linux/share/cmake-3.17/Modules/CMakeCCompilerABI.c -quiet -dumpbase CMakeCCompilerABI.c -mtune=generic -march=x86-64 -auxbase-strip CMakeFiles/cmTC_431c1.dir/CMakeCCompilerABI.c.o -version -o /tmp/cc9lB25S.s]
  ignore line: [GNU C17 (GCC) version 10.1.0 (x86_64-pc-linux-gnu)]
  ignore line: [	compiled by GNU C version 10.1.0  GMP version 6.1.0  MPFR version 3.1.4  MPC version 1.0.3  isl version isl-0.18-GMP]
  ignore line: []
  ignore line: [GGC heuristics: --param ggc-min-expand=100 --param ggc-min-heapsize=131072]
  ignore line: [ignoring nonexistent directory "/home/cheshire/.local/lib64/gcc/x86_64-pc-linux-gnu/10.1.0/../../../../x86_64-pc-linux-gnu/include"]
  ignore line: [#include "..." search starts here:]
  ignore line: [#include <...> search starts here:]
  ignore line: [ /home/cheshire/.local/lib64/gcc/x86_64-pc-linux-gnu/10.1.0/include]
  ignore line: [ /usr/local/include]
  ignore line: [ /home/cheshire/.local/include]
  ignore line: [ /home/cheshire/.local/lib64/gcc/x86_64-pc-linux-gnu/10.1.0/include-fixed]
  ignore line: [ /usr/include]
  ignore line: [End of search list.]
  ignore line: [GNU C17 (GCC) version 10.1.0 (x86_64-pc-linux-gnu)]
  ignore line: [	compiled by GNU C version 10.1.0  GMP version 6.1.0  MPFR version 3.1.4  MPC version 1.0.3  isl version isl-0.18-GMP]
  ignore line: []
  ignore line: [GGC heuristics: --param ggc-min-expand=100 --param ggc-min-heapsize=131072]
  ignore line: [Compiler executable checksum: 9cd5315c972827a83a7c06d995fd18a5]
  ignore line: [COLLECT_GCC_OPTIONS='-v' '-o' 'CMakeFiles/cmTC_431c1.dir/CMakeCCompilerABI.c.o' '-c' '-mtune=generic' '-march=x86-64']
  ignore line: [ as -v --64 -o CMakeFiles/cmTC_431c1.dir/CMakeCCompilerABI.c.o /tmp/cc9lB25S.s]
  ignore line: [GNU assembler version 2.25.0 (x86_64-suse-linux) using BFD version (GNU Binutils]
  ignore line: [ openSUSE Leap 42.1) 2.25.0]
  ignore line: [COMPILER_PATH=/home/cheshire/.local/lib/gcc/x86_64-pc-linux-gnu/10.1.0/:/home/cheshire/.local/lib/gcc/x86_64-pc-linux-gnu/10.1.0/:/home/cheshire/.local/lib/gcc/x86_64-pc-linux-gnu/:/home/cheshire/.local/lib64/gcc/x86_64-pc-linux-gnu/10.1.0/:/home/cheshire/.local/lib64/gcc/x86_64-pc-linux-gnu/]
  ignore line: [LIBRARY_PATH=/home/cheshire/.local/lib64/gcc/x86_64-pc-linux-gnu/10.1.0/:/home/cheshire/.local/lib64/gcc/x86_64-pc-linux-gnu/10.1.0/../../../../lib64/:/lib/../lib64/:/usr/lib/../lib64/:/home/cheshire/.local/lib64/gcc/x86_64-pc-linux-gnu/10.1.0/../../../:/lib/:/usr/lib/]
  ignore line: [COLLECT_GCC_OPTIONS='-v' '-o' 'CMakeFiles/cmTC_431c1.dir/CMakeCCompilerABI.c.o' '-c' '-mtune=generic' '-march=x86-64']
  ignore line: [Linking C executable cmTC_431c1]
  ignore line: [/home/cheshire/Files/Soft/clion-2020.1/bin/cmake/linux/bin/cmake -E cmake_link_script CMakeFiles/cmTC_431c1.dir/link.txt --verbose=1]
  ignore line: [/home/cheshire/.local/bin/gcc     -v -rdynamic CMakeFiles/cmTC_431c1.dir/CMakeCCompilerABI.c.o  -o cmTC_431c1 ]
  ignore line: [Using built-in specs.]
  ignore line: [COLLECT_GCC=/home/cheshire/.local/bin/gcc]
  ignore line: [COLLECT_LTO_WRAPPER=/home/cheshire/.local/lib/gcc/x86_64-pc-linux-gnu/10.1.0/lto-wrapper]
  ignore line: [Target: x86_64-pc-linux-gnu]
  ignore line: [Configured with: ./configure --prefix=/home/cheshire/.local/ --disable-multilib]
  ignore line: [Thread model: posix]
  ignore line: [Supported LTO compression algorithms: zlib]
  ignore line: [gcc version 10.1.0 (GCC) ]
  ignore line: [COMPILER_PATH=/home/cheshire/.local/lib/gcc/x86_64-pc-linux-gnu/10.1.0/:/home/cheshire/.local/lib/gcc/x86_64-pc-linux-gnu/10.1.0/:/home/cheshire/.local/lib/gcc/x86_64-pc-linux-gnu/:/home/cheshire/.local/lib64/gcc/x86_64-pc-linux-gnu/10.1.0/:/home/cheshire/.local/lib64/gcc/x86_64-pc-linux-gnu/]
  ignore line: [LIBRARY_PATH=/home/cheshire/.local/lib64/gcc/x86_64-pc-linux-gnu/10.1.0/:/home/cheshire/.local/lib64/gcc/x86_64-pc-linux-gnu/10.1.0/../../../../lib64/:/lib/../lib64/:/usr/lib/../lib64/:/home/cheshire/.local/lib64/gcc/x86_64-pc-linux-gnu/10.1.0/../../../:/lib/:/usr/lib/]
  ignore line: [COLLECT_GCC_OPTIONS='-v' '-rdynamic' '-o' 'cmTC_431c1' '-mtune=generic' '-march=x86-64']
  link line: [ /home/cheshire/.local/lib/gcc/x86_64-pc-linux-gnu/10.1.0/collect2 -plugin /home/cheshire/.local/lib/gcc/x86_64-pc-linux-gnu/10.1.0/liblto_plugin.so -plugin-opt=/home/cheshire/.local/lib/gcc/x86_64-pc-linux-gnu/10.1.0/lto-wrapper -plugin-opt=-fresolution=/tmp/cciznhlX.res -plugin-opt=-pass-through=-lgcc -plugin-opt=-pass-through=-lgcc_s -plugin-opt=-pass-through=-lc -plugin-opt=-pass-through=-lgcc -plugin-opt=-pass-through=-lgcc_s --eh-frame-hdr -m elf_x86_64 -export-dynamic -dynamic-linker /lib64/ld-linux-x86-64.so.2 -o cmTC_431c1 /usr/lib/../lib64/crt1.o /usr/lib/../lib64/crti.o /home/cheshire/.local/lib64/gcc/x86_64-pc-linux-gnu/10.1.0/crtbegin.o -L/home/cheshire/.local/lib64/gcc/x86_64-pc-linux-gnu/10.1.0 -L/home/cheshire/.local/lib64/gcc/x86_64-pc-linux-gnu/10.1.0/../../../../lib64 -L/lib/../lib64 -L/usr/lib/../lib64 -L/home/cheshire/.local/lib64/gcc/x86_64-pc-linux-gnu/10.1.0/../../.. CMakeFiles/cmTC_431c1.dir/CMakeCCompilerABI.c.o -lgcc --as-needed -lgcc_s --no-as-needed -lc -lgcc --as-needed -lgcc_s --no-as-needed /home/cheshire/.local/lib64/gcc/x86_64-pc-linux-gnu/10.1.0/crtend.o /usr/lib/../lib64/crtn.o]
    arg [/home/cheshire/.local/lib/gcc/x86_64-pc-linux-gnu/10.1.0/collect2] ==> ignore
    arg [-plugin] ==> ignore
    arg [/home/cheshire/.local/lib/gcc/x86_64-pc-linux-gnu/10.1.0/liblto_plugin.so] ==> ignore
    arg [-plugin-opt=/home/cheshire/.local/lib/gcc/x86_64-pc-linux-gnu/10.1.0/lto-wrapper] ==> ignore
    arg [-plugin-opt=-fresolution=/tmp/cciznhlX.res] ==> ignore
    arg [-plugin-opt=-pass-through=-lgcc] ==> ignore
    arg [-plugin-opt=-pass-through=-lgcc_s] ==> ignore
    arg [-plugin-opt=-pass-through=-lc] ==> ignore
    arg [-plugin-opt=-pass-through=-lgcc] ==> ignore
    arg [-plugin-opt=-pass-through=-lgcc_s] ==> ignore
    arg [--eh-frame-hdr] ==> ignore
    arg [-m] ==> ignore
    arg [elf_x86_64] ==> ignore
    arg [-export-dynamic] ==> ignore
    arg [-dynamic-linker] ==> ignore
    arg [/lib64/ld-linux-x86-64.so.2] ==> ignore
    arg [-o] ==> ignore
    arg [cmTC_431c1] ==> ignore
    arg [/usr/lib/../lib64/crt1.o] ==> ignore
    arg [/usr/lib/../lib64/crti.o] ==> ignore
    arg [/home/cheshire/.local/lib64/gcc/x86_64-pc-linux-gnu/10.1.0/crtbegin.o] ==> ignore
    arg [-L/home/cheshire/.local/lib64/gcc/x86_64-pc-linux-gnu/10.1.0] ==> dir [/home/cheshire/.local/lib64/gcc/x86_64-pc-linux-gnu/10.1.0]
    arg [-L/home/cheshire/.local/lib64/gcc/x86_64-pc-linux-gnu/10.1.0/../../../../lib64] ==> dir [/home/cheshire/.local/lib64/gcc/x86_64-pc-linux-gnu/10.1.0/../../../../lib64]
    arg [-L/lib/../lib64] ==> dir [/lib/../lib64]
    arg [-L/usr/lib/../lib64] ==> dir [/usr/lib/../lib64]
    arg [-L/home/cheshire/.local/lib64/gcc/x86_64-pc-linux-gnu/10.1.0/../../..] ==> dir [/home/cheshire/.local/lib64/gcc/x86_64-pc-linux-gnu/10.1.0/../../..]
    arg [CMakeFiles/cmTC_431c1.dir/CMakeCCompilerABI.c.o] ==> ignore
    arg [-lgcc] ==> lib [gcc]
    arg [--as-needed] ==> ignore
    arg [-lgcc_s] ==> lib [gcc_s]
    arg [--no-as-needed] ==> ignore
    arg [-lc] ==> lib [c]
    arg [-lgcc] ==> lib [gcc]
    arg [--as-needed] ==> ignore
    arg [-lgcc_s] ==> lib [gcc_s]
    arg [--no-as-needed] ==> ignore
    arg [/home/cheshire/.local/lib64/gcc/x86_64-pc-linux-gnu/10.1.0/crtend.o] ==> ignore
    arg [/usr/lib/../lib64/crtn.o] ==> ignore
  collapse library dir [/home/cheshire/.local/lib64/gcc/x86_64-pc-linux-gnu/10.1.0] ==> [/home/cheshire/.local/lib64/gcc/x86_64-pc-linux-gnu/10.1.0]
  collapse library dir [/home/cheshire/.local/lib64/gcc/x86_64-pc-linux-gnu/10.1.0/../../../../lib64] ==> [/home/cheshire/.local/lib64]
  collapse library dir [/lib/../lib64] ==> [/lib64]
  collapse library dir [/usr/lib/../lib64] ==> [/usr/lib64]
  collapse library dir [/home/cheshire/.local/lib64/gcc/x86_64-pc-linux-gnu/10.1.0/../../..] ==> [/home/cheshire/.local/lib64]
  implicit libs: [gcc;gcc_s;c;gcc;gcc_s]
  implicit dirs: [/home/cheshire/.local/lib64/gcc/x86_64-pc-linux-gnu/10.1.0;/home/cheshire/.local/lib64;/lib64;/usr/lib64]
  implicit fwks: []


Determining if the CXX compiler works passed with the following output:
Change Dir: /home/cheshire/Files/mipt/c++/2020-2021/contests/10.11/solutions/cmake-build-debug/CMakeFiles/CMakeTmp

Run Build Command(s):/usr/bin/gmake cmTC_abc18/fast && /usr/bin/gmake  -f CMakeFiles/cmTC_abc18.dir/build.make CMakeFiles/cmTC_abc18.dir/build
gmake[1]: вход в каталог «/home/cheshire/Files/mipt/c++/2020-2021/contests/10.11/solutions/cmake-build-debug/CMakeFiles/CMakeTmp»
Building CXX object CMakeFiles/cmTC_abc18.dir/testCXXCompiler.cxx.o
/home/cheshire/.local/bin/g++     -o CMakeFiles/cmTC_abc18.dir/testCXXCompiler.cxx.o -c /home/cheshire/Files/mipt/c++/2020-2021/contests/10.11/solutions/cmake-build-debug/CMakeFiles/CMakeTmp/testCXXCompiler.cxx
Linking CXX executable cmTC_abc18
/home/cheshire/Files/Soft/clion-2020.1/bin/cmake/linux/bin/cmake -E cmake_link_script CMakeFiles/cmTC_abc18.dir/link.txt --verbose=1
/home/cheshire/.local/bin/g++       -rdynamic CMakeFiles/cmTC_abc18.dir/testCXXCompiler.cxx.o  -o cmTC_abc18 
gmake[1]: выход из каталога «/home/cheshire/Files/mipt/c++/2020-2021/contests/10.11/solutions/cmake-build-debug/CMakeFiles/CMakeTmp»



Detecting CXX compiler ABI info compiled with the following output:
Change Dir: /home/cheshire/Files/mipt/c++/2020-2021/contests/10.11/solutions/cmake-build-debug/CMakeFiles/CMakeTmp

Run Build Command(s):/usr/bin/gmake cmTC_5fbdd/fast && /usr/bin/gmake  -f CMakeFiles/cmTC_5fbdd.dir/build.make CMakeFiles/cmTC_5fbdd.dir/build
gmake[1]: Entering directory '/home/cheshire/Files/mipt/c++/2020-2021/contests/10.11/solutions/cmake-build-debug/CMakeFiles/CMakeTmp'
Building CXX object CMakeFiles/cmTC_5fbdd.dir/CMakeCXXCompilerABI.cpp.o
/home/cheshire/.local/bin/g++    -v -o CMakeFiles/cmTC_5fbdd.dir/CMakeCXXCompilerABI.cpp.o -c /home/cheshire/Files/Soft/clion-2020.1/bin/cmake/linux/share/cmake-3.17/Modules/CMakeCXXCompilerABI.cpp
Using built-in specs.
COLLECT_GCC=/home/cheshire/.local/bin/g++
Target: x86_64-pc-linux-gnu
Configured with: ./configure --prefix=/home/cheshire/.local/ --disable-multilib
Thread model: posix
Supported LTO compression algorithms: zlib
gcc version 10.1.0 (GCC) 
COLLECT_GCC_OPTIONS='-v' '-o' 'CMakeFiles/cmTC_5fbdd.dir/CMakeCXXCompilerABI.cpp.o' '-c' '-shared-libgcc' '-mtune=generic' '-march=x86-64'
 /home/cheshire/.local/lib/gcc/x86_64-pc-linux-gnu/10.1.0/cc1plus -quiet -v -D_GNU_SOURCE /home/cheshire/Files/Soft/clion-2020.1/bin/cmake/linux/share/cmake-3.17/Modules/CMakeCXXCompilerABI.cpp -quiet -dumpbase CMakeCXXCompilerABI.cpp -mtune=generic -march=x86-64 -auxbase-strip CMakeFiles/cmTC_5fbdd.dir/CMakeCXXCompilerABI.cpp.o -version -o /tmp/cc3BvHJ8.s
GNU C++14 (GCC) version 10.1.0 (x86_64-pc-linux-gnu)
	compiled by GNU C version 10.1.0, GMP version 6.1.0, MPFR version 3.1.4, MPC version 1.0.3, isl version isl-0.18-GMP

GGC heuristics: --param ggc-min-expand=100 --param ggc-min-heapsize=131072
ignoring nonexistent directory "/home/cheshire/.local/lib64/gcc/x86_64-pc-linux-gnu/10.1.0/../../../../x86_64-pc-linux-gnu/include"
#include "..." search starts here:
#include <...> search starts here:
 /home/cheshire/.local/lib64/gcc/x86_64-pc-linux-gnu/10.1.0/../../../../include/c++/10.1.0
 /home/cheshire/.local/lib64/gcc/x86_64-pc-linux-gnu/10.1.0/../../../../include/c++/10.1.0/x86_64-pc-linux-gnu
 /home/cheshire/.local/lib64/gcc/x86_64-pc-linux-gnu/10.1.0/../../../../include/c++/10.1.0/backward
 /home/cheshire/.local/lib64/gcc/x86_64-pc-linux-gnu/10.1.0/include
 /usr/local/include
 /home/cheshire/.local/include
 /home/cheshire/.local/lib64/gcc/x86_64-pc-linux-gnu/10.1.0/include-fixed
 /usr/include
End of search list.
GNU C++14 (GCC) version 10.1.0 (x86_64-pc-linux-gnu)
	compiled by GNU C version 10.1.0, GMP version 6.1.0, MPFR version 3.1.4, MPC version 1.0.3, isl version isl-0.18-GMP

GGC heuristics: --param ggc-min-expand=100 --param ggc-min-heapsize=131072
Compiler executable checksum: ba5039d918635da1120ec237f75e36a7
COLLECT_GCC_OPTIONS='-v' '-o' 'CMakeFiles/cmTC_5fbdd.dir/CMakeCXXCompilerABI.cpp.o' '-c' '-shared-libgcc' '-mtune=generic' '-march=x86-64'
 as -v --64 -o CMakeFiles/cmTC_5fbdd.dir/CMakeCXXCompilerABI.cpp.o /tmp/cc3BvHJ8.s
GNU assembler version 2.25.0 (x86_64-suse-linux) using BFD version (GNU Binutils; openSUSE Leap 42.1) 2.25.0
COMPILER_PATH=/home/cheshire/.local/lib/gcc/x86_64-pc-linux-gnu/10.1.0/:/home/cheshire/.local/lib/gcc/x86_64-pc-linux-gnu/10.1.0/:/home/cheshire/.local/lib/gcc/x86_64-pc-linux-gnu/:/home/cheshire/.local/lib64/gcc/x86_64-pc-linux-gnu/10.1.0/:/home/cheshire/.local/lib64/gcc/x86_64-pc-linux-gnu/
LIBRARY_PATH=/home/cheshire/.local/lib64/gcc/x86_64-pc-linux-gnu/10.1.0/:/home/cheshire/.local/lib64/gcc/x86_64-pc-linux-gnu/10.1.0/../../../../lib64/:/lib/../lib64/:/usr/lib/../lib64/:/home/cheshire/.local/lib64/gcc/x86_64-pc-linux-gnu/10.1.0/../../../:/lib/:/usr/lib/
COLLECT_GCC_OPTIONS='-v' '-o' 'CMakeFiles/cmTC_5fbdd.dir/CMakeCXXCompilerABI.cpp.o' '-c' '-shared-libgcc' '-mtune=generic' '-march=x86-64'
Linking CXX executable cmTC_5fbdd
/home/cheshire/Files/Soft/clion-2020.1/bin/cmake/linux/bin/cmake -E cmake_link_script CMakeFiles/cmTC_5fbdd.dir/link.txt --verbose=1
/home/cheshire/.local/bin/g++      -v -rdynamic CMakeFiles/cmTC_5fbdd.dir/CMakeCXXCompilerABI.cpp.o  -o cmTC_5fbdd 
Using built-in specs.
COLLECT_GCC=/home/cheshire/.local/bin/g++
COLLECT_LTO_WRAPPER=/home/cheshire/.local/lib/gcc/x86_64-pc-linux-gnu/10.1.0/lto-wrapper
Target: x86_64-pc-linux-gnu
Configured with: ./configure --prefix=/home/cheshire/.local/ --disable-multilib
Thread model: posix
Supported LTO compression algorithms: zlib
gcc version 10.1.0 (GCC) 
COMPILER_PATH=/home/cheshire/.local/lib/gcc/x86_64-pc-linux-gnu/10.1.0/:/home/cheshire/.local/lib/gcc/x86_64-pc-linux-gnu/10.1.0/:/home/cheshire/.local/lib/gcc/x86_64-pc-linux-gnu/:/home/cheshire/.local/lib64/gcc/x86_64-pc-linux-gnu/10.1.0/:/home/cheshire/.local/lib64/gcc/x86_64-pc-linux-gnu/
LIBRARY_PATH=/home/cheshire/.local/lib64/gcc/x86_64-pc-linux-gnu/10.1.0/:/home/cheshire/.local/lib64/gcc/x86_64-pc-linux-gnu/10.1.0/../../../../lib64/:/lib/../lib64/:/usr/lib/../lib64/:/home/cheshire/.local/lib64/gcc/x86_64-pc-linux-gnu/10.1.0/../../../:/lib/:/usr/lib/
COLLECT_GCC_OPTIONS='-v' '-rdynamic' '-o' 'cmTC_5fbdd' '-shared-libgcc' '-mtune=generic' '-march=x86-64'
 /home/cheshire/.local/lib/gcc/x86_64-pc-linux-gnu/10.1.0/collect2 -plugin /home/cheshire/.local/lib/gcc/x86_64-pc-linux-gnu/10.1.0/liblto_plugin.so -plugin-opt=/home/cheshire/.local/lib/gcc/x86_64-pc-linux-gnu/10.1.0/lto-wrapper -plugin-opt=-fresolution=/tmp/ccYJ96ld.res -plugin-opt=-pass-through=-lgcc_s -plugin-opt=-pass-through=-lgcc -plugin-opt=-pass-through=-lc -plugin-opt=-pass-through=-lgcc_s -plugin-opt=-pass-through=-lgcc --eh-frame-hdr -m elf_x86_64 -export-dynamic -dynamic-linker /lib64/ld-linux-x86-64.so.2 -o cmTC_5fbdd /usr/lib/../lib64/crt1.o /usr/lib/../lib64/crti.o /home/cheshire/.local/lib64/gcc/x86_64-pc-linux-gnu/10.1.0/crtbegin.o -L/home/cheshire/.local/lib64/gcc/x86_64-pc-linux-gnu/10.1.0 -L/home/cheshire/.local/lib64/gcc/x86_64-pc-linux-gnu/10.1.0/../../../../lib64 -L/lib/../lib64 -L/usr/lib/../lib64 -L/home/cheshire/.local/lib64/gcc/x86_64-pc-linux-gnu/10.1.0/../../.. CMakeFiles/cmTC_5fbdd.dir/CMakeCXXCompilerABI.cpp.o -lstdc++ -lm -lgcc_s -lgcc -lc -lgcc_s -lgcc /home/cheshire/.local/lib64/gcc/x86_64-pc-linux-gnu/10.1.0/crtend.o /usr/lib/../lib64/crtn.o
COLLECT_GCC_OPTIONS='-v' '-rdynamic' '-o' 'cmTC_5fbdd' '-shared-libgcc' '-mtune=generic' '-march=x86-64'
gmake[1]: Leaving directory '/home/cheshire/Files/mipt/c++/2020-2021/contests/10.11/solutions/cmake-build-debug/CMakeFiles/CMakeTmp'



Parsed CXX implicit include dir info from above output: rv=done
  found start of include info
  found start of implicit include info
    add: [/home/cheshire/.local/lib64/gcc/x86_64-pc-linux-gnu/10.1.0/../../../../include/c++/10.1.0]
    add: [/home/cheshire/.local/lib64/gcc/x86_64-pc-linux-gnu/10.1.0/../../../../include/c++/10.1.0/x86_64-pc-linux-gnu]
    add: [/home/cheshire/.local/lib64/gcc/x86_64-pc-linux-gnu/10.1.0/../../../../include/c++/10.1.0/backward]
    add: [/home/cheshire/.local/lib64/gcc/x86_64-pc-linux-gnu/10.1.0/include]
    add: [/usr/local/include]
    add: [/home/cheshire/.local/include]
    add: [/home/cheshire/.local/lib64/gcc/x86_64-pc-linux-gnu/10.1.0/include-fixed]
    add: [/usr/include]
  end of search list found
  collapse include dir [/home/cheshire/.local/lib64/gcc/x86_64-pc-linux-gnu/10.1.0/../../../../include/c++/10.1.0] ==> [/home/cheshire/.local/include/c++/10.1.0]
  collapse include dir [/home/cheshire/.local/lib64/gcc/x86_64-pc-linux-gnu/10.1.0/../../../../include/c++/10.1.0/x86_64-pc-linux-gnu] ==> [/home/cheshire/.local/include/c++/10.1.0/x86_64-pc-linux-gnu]
  collapse include dir [/home/cheshire/.local/lib64/gcc/x86_64-pc-linux-gnu/10.1.0/../../../../include/c++/10.1.0/backward] ==> [/home/cheshire/.local/include/c++/10.1.0/backward]
  collapse include dir [/home/cheshire/.local/lib64/gcc/x86_64-pc-linux-gnu/10.1.0/include] ==> [/home/cheshire/.local/lib64/gcc/x86_64-pc-linux-gnu/10.1.0/include]
  collapse include dir [/usr/local/include] ==> [/usr/local/include]
  collapse include dir [/home/cheshire/.local/include] ==> [/home/cheshire/.local/include]
  collapse include dir [/home/cheshire/.local/lib64/gcc/x86_64-pc-linux-gnu/10.1.0/include-fixed] ==> [/home/cheshire/.local/lib64/gcc/x86_64-pc-linux-gnu/10.1.0/include-fixed]
  collapse include dir [/usr/include] ==> [/usr/include]
  implicit include dirs: [/home/cheshire/.local/include/c++/10.1.0;/home/cheshire/.local/include/c++/10.1.0/x86_64-pc-linux-gnu;/home/cheshire/.local/include/c++/10.1.0/backward;/home/cheshire/.local/lib64/gcc/x86_64-pc-linux-gnu/10.1.0/include;/usr/local/include;/home/cheshire/.local/include;/home/cheshire/.local/lib64/gcc/x86_64-pc-linux-gnu/10.1.0/include-fixed;/usr/include]


Parsed CXX implicit link information from above output:
  link line regex: [^( *|.*[/\])(ld|CMAKE_LINK_STARTFILE-NOTFOUND|([^/\]+-)?ld|collect2)[^/\]*( |$)]
  ignore line: [Change Dir: /home/cheshire/Files/mipt/c++/2020-2021/contests/10.11/solutions/cmake-build-debug/CMakeFiles/CMakeTmp]
  ignore line: []
  ignore line: [Run Build Command(s):/usr/bin/gmake cmTC_5fbdd/fast && /usr/bin/gmake  -f CMakeFiles/cmTC_5fbdd.dir/build.make CMakeFiles/cmTC_5fbdd.dir/build]
  ignore line: [gmake[1]: Entering directory '/home/cheshire/Files/mipt/c++/2020-2021/contests/10.11/solutions/cmake-build-debug/CMakeFiles/CMakeTmp']
  ignore line: [Building CXX object CMakeFiles/cmTC_5fbdd.dir/CMakeCXXCompilerABI.cpp.o]
  ignore line: [/home/cheshire/.local/bin/g++    -v -o CMakeFiles/cmTC_5fbdd.dir/CMakeCXXCompilerABI.cpp.o -c /home/cheshire/Files/Soft/clion-2020.1/bin/cmake/linux/share/cmake-3.17/Modules/CMakeCXXCompilerABI.cpp]
  ignore line: [Using built-in specs.]
  ignore line: [COLLECT_GCC=/home/cheshire/.local/bin/g++]
  ignore line: [Target: x86_64-pc-linux-gnu]
  ignore line: [Configured with: ./configure --prefix=/home/cheshire/.local/ --disable-multilib]
  ignore line: [Thread model: posix]
  ignore line: [Supported LTO compression algorithms: zlib]
  ignore line: [gcc version 10.1.0 (GCC) ]
  ignore line: [COLLECT_GCC_OPTIONS='-v' '-o' 'CMakeFiles/cmTC_5fbdd.dir/CMakeCXXCompilerABI.cpp.o' '-c' '-shared-libgcc' '-mtune=generic' '-march=x86-64']
  ignore line: [ /home/cheshire/.local/lib/gcc/x86_64-pc-linux-gnu/10.1.0/cc1plus -quiet -v -D_GNU_SOURCE /home/cheshire/Files/Soft/clion-2020.1/bin/cmake/linux/share/cmake-3.17/Modules/CMakeCXXCompilerABI.cpp -quiet -dumpbase CMakeCXXCompilerABI.cpp -mtune=generic -march=x86-64 -auxbase-strip CMakeFiles/cmTC_5fbdd.dir/CMakeCXXCompilerABI.cpp.o -version -o /tmp/cc3BvHJ8.s]
  ignore line: [GNU C++14 (GCC) version 10.1.0 (x86_64-pc-linux-gnu)]
  ignore line: [	compiled by GNU C version 10.1.0  GMP version 6.1.0  MPFR version 3.1.4  MPC version 1.0.3  isl version isl-0.18-GMP]
  ignore line: []
  ignore line: [GGC heuristics: --param ggc-min-expand=100 --param ggc-min-heapsize=131072]
  ignore line: [ignoring nonexistent directory "/home/cheshire/.local/lib64/gcc/x86_64-pc-linux-gnu/10.1.0/../../../../x86_64-pc-linux-gnu/include"]
  ignore line: [#include "..." search starts here:]
  ignore line: [#include <...> search starts here:]
  ignore line: [ /home/cheshire/.local/lib64/gcc/x86_64-pc-linux-gnu/10.1.0/../../../../include/c++/10.1.0]
  ignore line: [ /home/cheshire/.local/lib64/gcc/x86_64-pc-linux-gnu/10.1.0/../../../../include/c++/10.1.0/x86_64-pc-linux-gnu]
  ignore line: [ /home/cheshire/.local/lib64/gcc/x86_64-pc-linux-gnu/10.1.0/../../../../include/c++/10.1.0/backward]
  ignore line: [ /home/cheshire/.local/lib64/gcc/x86_64-pc-linux-gnu/10.1.0/include]
  ignore line: [ /usr/local/include]
  ignore line: [ /home/cheshire/.local/include]
  ignore line: [ /home/cheshire/.local/lib64/gcc/x86_64-pc-linux-gnu/10.1.0/include-fixed]
  ignore line: [ /usr/include]
  ignore line: [End of search list.]
  ignore line: [GNU C++14 (GCC) version 10.1.0 (x86_64-pc-linux-gnu)]
  ignore line: [	compiled by GNU C version 10.1.0  GMP version 6.1.0  MPFR version 3.1.4  MPC version 1.0.3  isl version isl-0.18-GMP]
  ignore line: []
  ignore line: [GGC heuristics: --param ggc-min-expand=100 --param ggc-min-heapsize=131072]
  ignore line: [Compiler executable checksum: ba5039d918635da1120ec237f75e36a7]
  ignore line: [COLLECT_GCC_OPTIONS='-v' '-o' 'CMakeFiles/cmTC_5fbdd.dir/CMakeCXXCompilerABI.cpp.o' '-c' '-shared-libgcc' '-mtune=generic' '-march=x86-64']
  ignore line: [ as -v --64 -o CMakeFiles/cmTC_5fbdd.dir/CMakeCXXCompilerABI.cpp.o /tmp/cc3BvHJ8.s]
  ignore line: [GNU assembler version 2.25.0 (x86_64-suse-linux) using BFD version (GNU Binutils]
  ignore line: [ openSUSE Leap 42.1) 2.25.0]
  ignore line: [COMPILER_PATH=/home/cheshire/.local/lib/gcc/x86_64-pc-linux-gnu/10.1.0/:/home/cheshire/.local/lib/gcc/x86_64-pc-linux-gnu/10.1.0/:/home/cheshire/.local/lib/gcc/x86_64-pc-linux-gnu/:/home/cheshire/.local/lib64/gcc/x86_64-pc-linux-gnu/10.1.0/:/home/cheshire/.local/lib64/gcc/x86_64-pc-linux-gnu/]
  ignore line: [LIBRARY_PATH=/home/cheshire/.local/lib64/gcc/x86_64-pc-linux-gnu/10.1.0/:/home/cheshire/.local/lib64/gcc/x86_64-pc-linux-gnu/10.1.0/../../../../lib64/:/lib/../lib64/:/usr/lib/../lib64/:/home/cheshire/.local/lib64/gcc/x86_64-pc-linux-gnu/10.1.0/../../../:/lib/:/usr/lib/]
  ignore line: [COLLECT_GCC_OPTIONS='-v' '-o' 'CMakeFiles/cmTC_5fbdd.dir/CMakeCXXCompilerABI.cpp.o' '-c' '-shared-libgcc' '-mtune=generic' '-march=x86-64']
  ignore line: [Linking CXX executable cmTC_5fbdd]
  ignore line: [/home/cheshire/Files/Soft/clion-2020.1/bin/cmake/linux/bin/cmake -E cmake_link_script CMakeFiles/cmTC_5fbdd.dir/link.txt --verbose=1]
  ignore line: [/home/cheshire/.local/bin/g++      -v -rdynamic CMakeFiles/cmTC_5fbdd.dir/CMakeCXXCompilerABI.cpp.o  -o cmTC_5fbdd ]
  ignore line: [Using built-in specs.]
  ignore line: [COLLECT_GCC=/home/cheshire/.local/bin/g++]
  ignore line: [COLLECT_LTO_WRAPPER=/home/cheshire/.local/lib/gcc/x86_64-pc-linux-gnu/10.1.0/lto-wrapper]
  ignore line: [Target: x86_64-pc-linux-gnu]
  ignore line: [Configured with: ./configure --prefix=/home/cheshire/.local/ --disable-multilib]
  ignore line: [Thread model: posix]
  ignore line: [Supported LTO compression algorithms: zlib]
  ignore line: [gcc version 10.1.0 (GCC) ]
  ignore line: [COMPILER_PATH=/home/cheshire/.local/lib/gcc/x86_64-pc-linux-gnu/10.1.0/:/home/cheshire/.local/lib/gcc/x86_64-pc-linux-gnu/10.1.0/:/home/cheshire/.local/lib/gcc/x86_64-pc-linux-gnu/:/home/cheshire/.local/lib64/gcc/x86_64-pc-linux-gnu/10.1.0/:/home/cheshire/.local/lib64/gcc/x86_64-pc-linux-gnu/]
  ignore line: [LIBRARY_PATH=/home/cheshire/.local/lib64/gcc/x86_64-pc-linux-gnu/10.1.0/:/home/cheshire/.local/lib64/gcc/x86_64-pc-linux-gnu/10.1.0/../../../../lib64/:/lib/../lib64/:/usr/lib/../lib64/:/home/cheshire/.local/lib64/gcc/x86_64-pc-linux-gnu/10.1.0/../../../:/lib/:/usr/lib/]
  ignore line: [COLLECT_GCC_OPTIONS='-v' '-rdynamic' '-o' 'cmTC_5fbdd' '-shared-libgcc' '-mtune=generic' '-march=x86-64']
  link line: [ /home/cheshire/.local/lib/gcc/x86_64-pc-linux-gnu/10.1.0/collect2 -plugin /home/cheshire/.local/lib/gcc/x86_64-pc-linux-gnu/10.1.0/liblto_plugin.so -plugin-opt=/home/cheshire/.local/lib/gcc/x86_64-pc-linux-gnu/10.1.0/lto-wrapper -plugin-opt=-fresolution=/tmp/ccYJ96ld.res -plugin-opt=-pass-through=-lgcc_s -plugin-opt=-pass-through=-lgcc -plugin-opt=-pass-through=-lc -plugin-opt=-pass-through=-lgcc_s -plugin-opt=-pass-through=-lgcc --eh-frame-hdr -m elf_x86_64 -export-dynamic -dynamic-linker /lib64/ld-linux-x86-64.so.2 -o cmTC_5fbdd /usr/lib/../lib64/crt1.o /usr/lib/../lib64/crti.o /home/cheshire/.local/lib64/gcc/x86_64-pc-linux-gnu/10.1.0/crtbegin.o -L/home/cheshire/.local/lib64/gcc/x86_64-pc-linux-gnu/10.1.0 -L/home/cheshire/.local/lib64/gcc/x86_64-pc-linux-gnu/10.1.0/../../../../lib64 -L/lib/../lib64 -L/usr/lib/../lib64 -L/home/cheshire/.local/lib64/gcc/x86_64-pc-linux-gnu/10.1.0/../../.. CMakeFiles/cmTC_5fbdd.dir/CMakeCXXCompilerABI.cpp.o -lstdc++ -lm -lgcc_s -lgcc -lc -lgcc_s -lgcc /home/cheshire/.local/lib64/gcc/x86_64-pc-linux-gnu/10.1.0/crtend.o /usr/lib/../lib64/crtn.o]
    arg [/home/cheshire/.local/lib/gcc/x86_64-pc-linux-gnu/10.1.0/collect2] ==> ignore
    arg [-plugin] ==> ignore
    arg [/home/cheshire/.local/lib/gcc/x86_64-pc-linux-gnu/10.1.0/liblto_plugin.so] ==> ignore
    arg [-plugin-opt=/home/cheshire/.local/lib/gcc/x86_64-pc-linux-gnu/10.1.0/lto-wrapper] ==> ignore
    arg [-plugin-opt=-fresolution=/tmp/ccYJ96ld.res] ==> ignore
    arg [-plugin-opt=-pass-through=-lgcc_s] ==> ignore
    arg [-plugin-opt=-pass-through=-lgcc] ==> ignore
    arg [-plugin-opt=-pass-through=-lc] ==> ignore
    arg [-plugin-opt=-pass-through=-lgcc_s] ==> ignore
    arg [-plugin-opt=-pass-through=-lgcc] ==> ignore
    arg [--eh-frame-hdr] ==> ignore
    arg [-m] ==> ignore
    arg [elf_x86_64] ==> ignore
    arg [-export-dynamic] ==> ignore
    arg [-dynamic-linker] ==> ignore
    arg [/lib64/ld-linux-x86-64.so.2] ==> ignore
    arg [-o] ==> ignore
    arg [cmTC_5fbdd] ==> ignore
    arg [/usr/lib/../lib64/crt1.o] ==> ignore
    arg [/usr/lib/../lib64/crti.o] ==> ignore
    arg [/home/cheshire/.local/lib64/gcc/x86_64-pc-linux-gnu/10.1.0/crtbegin.o] ==> ignore
    arg [-L/home/cheshire/.local/lib64/gcc/x86_64-pc-linux-gnu/10.1.0] ==> dir [/home/cheshire/.local/lib64/gcc/x86_64-pc-linux-gnu/10.1.0]
    arg [-L/home/cheshire/.local/lib64/gcc/x86_64-pc-linux-gnu/10.1.0/../../../../lib64] ==> dir [/home/cheshire/.local/lib64/gcc/x86_64-pc-linux-gnu/10.1.0/../../../../lib64]
    arg [-L/lib/../lib64] ==> dir [/lib/../lib64]
    arg [-L/usr/lib/../lib64] ==> dir [/usr/lib/../lib64]
    arg [-L/home/cheshire/.local/lib64/gcc/x86_64-pc-linux-gnu/10.1.0/../../..] ==> dir [/home/cheshire/.local/lib64/gcc/x86_64-pc-linux-gnu/10.1.0/../../..]
    arg [CMakeFiles/cmTC_5fbdd.dir/CMakeCXXCompilerABI.cpp.o] ==> ignore
    arg [-lstdc++] ==> lib [stdc++]
    arg [-lm] ==> lib [m]
    arg [-lgcc_s] ==> lib [gcc_s]
    arg [-lgcc] ==> lib [gcc]
    arg [-lc] ==> lib [c]
    arg [-lgcc_s] ==> lib [gcc_s]
    arg [-lgcc] ==> lib [gcc]
    arg [/home/cheshire/.local/lib64/gcc/x86_64-pc-linux-gnu/10.1.0/crtend.o] ==> ignore
    arg [/usr/lib/../lib64/crtn.o] ==> ignore
  collapse library dir [/home/cheshire/.local/lib64/gcc/x86_64-pc-linux-gnu/10.1.0] ==> [/home/cheshire/.local/lib64/gcc/x86_64-pc-linux-gnu/10.1.0]
  collapse library dir [/home/cheshire/.local/lib64/gcc/x86_64-pc-linux-gnu/10.1.0/../../../../lib64] ==> [/home/cheshire/.local/lib64]
  collapse library dir [/lib/../lib64] ==> [/lib64]
  collapse library dir [/usr/lib/../lib64] ==> [/usr/lib64]
  collapse library dir [/home/cheshire/.local/lib64/gcc/x86_64-pc-linux-gnu/10.1.0/../../..] ==> [/home/cheshire/.local/lib64]
  implicit libs: [stdc++;m;gcc_s;gcc;c;gcc_s;gcc]
  implicit dirs: [/home/cheshire/.local/lib64/gcc/x86_64-pc-linux-gnu/10.1.0;/home/cheshire/.local/lib64;/lib64;/usr/lib64]
  implicit fwks: []


